TypeError: Cannot read properties of null (reading 'property')
    at Object.<anonymous> (/Users/salimsfi/Desktop/Developpement web/ISCOD/Etude de cas/BDD/Nodejs-Approfondissement/server.js:33:17)
    at Module._compile (node:internal/modules/cjs/loader:1233:14)
    at Module._extensions..js (node:internal/modules/cjs/loader:1287:10)
    at Module.load (node:internal/modules/cjs/loader:1091:32)
    at Module._load (node:internal/modules/cjs/loader:938:12)
    at Module.require (node:internal/modules/cjs/loader:1115:19)
    at Hook._require.Module.require (/opt/homebrew/lib/node_modules/pm2/node_modules/require-in-the-middle/index.js:101:39)
    at require (node:internal/modules/helpers:130:18)
    at Object.<anonymous> (/Users/salimsfi/Desktop/Developpement web/ISCOD/Etude de cas/BDD/Nodejs-Approfondissement/www/app.js:1:20)
    at Module._compile (node:internal/modules/cjs/loader:1233:14)
TypeError: Cannot read properties of null (reading 'property')
    at Object.<anonymous> (/Users/salimsfi/Desktop/Developpement web/ISCOD/Etude de cas/BDD/Nodejs-Approfondissement/server.js:33:17)
    at Module._compile (node:internal/modules/cjs/loader:1233:14)
    at Module._extensions..js (node:internal/modules/cjs/loader:1287:10)
    at Module.load (node:internal/modules/cjs/loader:1091:32)
    at Module._load (node:internal/modules/cjs/loader:938:12)
    at Module.require (node:internal/modules/cjs/loader:1115:19)
    at Hook._require.Module.require (/opt/homebrew/lib/node_modules/pm2/node_modules/require-in-the-middle/index.js:101:39)
    at require (node:internal/modules/helpers:130:18)
    at Object.<anonymous> (/Users/salimsfi/Desktop/Developpement web/ISCOD/Etude de cas/BDD/Nodejs-Approfondissement/www/app.js:1:20)
    at Module._compile (node:internal/modules/cjs/loader:1233:14)
TypeError: Cannot read properties of null (reading 'property')
    at Object.<anonymous> (/Users/salimsfi/Desktop/Developpement web/ISCOD/Etude de cas/BDD/Nodejs-Approfondissement/server.js:33:17)
    at Module._compile (node:internal/modules/cjs/loader:1233:14)
    at Module._extensions..js (node:internal/modules/cjs/loader:1287:10)
    at Module.load (node:internal/modules/cjs/loader:1091:32)
    at Module._load (node:internal/modules/cjs/loader:938:12)
    at Module.require (node:internal/modules/cjs/loader:1115:19)
    at Hook._require.Module.require (/opt/homebrew/lib/node_modules/pm2/node_modules/require-in-the-middle/index.js:101:39)
    at require (node:internal/modules/helpers:130:18)
    at Object.<anonymous> (/Users/salimsfi/Desktop/Developpement web/ISCOD/Etude de cas/BDD/Nodejs-Approfondissement/www/app.js:1:20)
    at Module._compile (node:internal/modules/cjs/loader:1233:14)
TypeError: Cannot read properties of null (reading 'property')
    at Object.<anonymous> (/Users/salimsfi/Desktop/Developpement web/ISCOD/Etude de cas/BDD/Nodejs-Approfondissement/server.js:33:17)
    at Module._compile (node:internal/modules/cjs/loader:1233:14)
    at Module._extensions..js (node:internal/modules/cjs/loader:1287:10)
    at Module.load (node:internal/modules/cjs/loader:1091:32)
    at Module._load (node:internal/modules/cjs/loader:938:12)
    at Module.require (node:internal/modules/cjs/loader:1115:19)
    at Hook._require.Module.require (/opt/homebrew/lib/node_modules/pm2/node_modules/require-in-the-middle/index.js:101:39)
    at require (node:internal/modules/helpers:130:18)
    at Object.<anonymous> (/Users/salimsfi/Desktop/Developpement web/ISCOD/Etude de cas/BDD/Nodejs-Approfondissement/www/app.js:1:20)
    at Module._compile (node:internal/modules/cjs/loader:1233:14)
TypeError: Cannot read properties of null (reading 'property')
    at Object.<anonymous> (/Users/salimsfi/Desktop/Developpement web/ISCOD/Etude de cas/BDD/Nodejs-Approfondissement/server.js:33:17)
    at Module._compile (node:internal/modules/cjs/loader:1233:14)
    at Module._extensions..js (node:internal/modules/cjs/loader:1287:10)
    at Module.load (node:internal/modules/cjs/loader:1091:32)
    at Module._load (node:internal/modules/cjs/loader:938:12)
    at Module.require (node:internal/modules/cjs/loader:1115:19)
    at Hook._require.Module.require (/opt/homebrew/lib/node_modules/pm2/node_modules/require-in-the-middle/index.js:101:39)
    at require (node:internal/modules/helpers:130:18)
    at Object.<anonymous> (/Users/salimsfi/Desktop/Developpement web/ISCOD/Etude de cas/BDD/Nodejs-Approfondissement/www/app.js:1:20)
    at Module._compile (node:internal/modules/cjs/loader:1233:14)
TypeError: Cannot read properties of null (reading 'property')
    at Object.<anonymous> (/Users/salimsfi/Desktop/Developpement web/ISCOD/Etude de cas/BDD/Nodejs-Approfondissement/server.js:33:17)
    at Module._compile (node:internal/modules/cjs/loader:1233:14)
    at Module._extensions..js (node:internal/modules/cjs/loader:1287:10)
    at Module.load (node:internal/modules/cjs/loader:1091:32)
    at Module._load (node:internal/modules/cjs/loader:938:12)
    at Module.require (node:internal/modules/cjs/loader:1115:19)
    at Hook._require.Module.require (/opt/homebrew/lib/node_modules/pm2/node_modules/require-in-the-middle/index.js:101:39)
    at require (node:internal/modules/helpers:130:18)
    at Object.<anonymous> (/Users/salimsfi/Desktop/Developpement web/ISCOD/Etude de cas/BDD/Nodejs-Approfondissement/www/app.js:1:20)
    at Module._compile (node:internal/modules/cjs/loader:1233:14)
TypeError: Cannot read properties of null (reading 'property')
    at Object.<anonymous> (/Users/salimsfi/Desktop/Developpement web/ISCOD/Etude de cas/BDD/Nodejs-Approfondissement/server.js:33:17)
    at Module._compile (node:internal/modules/cjs/loader:1233:14)
    at Module._extensions..js (node:internal/modules/cjs/loader:1287:10)
    at Module.load (node:internal/modules/cjs/loader:1091:32)
    at Module._load (node:internal/modules/cjs/loader:938:12)
    at Module.require (node:internal/modules/cjs/loader:1115:19)
    at Hook._require.Module.require (/opt/homebrew/lib/node_modules/pm2/node_modules/require-in-the-middle/index.js:101:39)
    at require (node:internal/modules/helpers:130:18)
    at Object.<anonymous> (/Users/salimsfi/Desktop/Developpement web/ISCOD/Etude de cas/BDD/Nodejs-Approfondissement/www/app.js:1:20)
    at Module._compile (node:internal/modules/cjs/loader:1233:14)
TypeError: Cannot read properties of null (reading 'property')
    at Object.<anonymous> (/Users/salimsfi/Desktop/Developpement web/ISCOD/Etude de cas/BDD/Nodejs-Approfondissement/server.js:33:17)
    at Module._compile (node:internal/modules/cjs/loader:1233:14)
    at Module._extensions..js (node:internal/modules/cjs/loader:1287:10)
    at Module.load (node:internal/modules/cjs/loader:1091:32)
    at Module._load (node:internal/modules/cjs/loader:938:12)
    at Module.require (node:internal/modules/cjs/loader:1115:19)
    at Hook._require.Module.require (/opt/homebrew/lib/node_modules/pm2/node_modules/require-in-the-middle/index.js:101:39)
    at require (node:internal/modules/helpers:130:18)
    at Object.<anonymous> (/Users/salimsfi/Desktop/Developpement web/ISCOD/Etude de cas/BDD/Nodejs-Approfondissement/www/app.js:1:20)
    at Module._compile (node:internal/modules/cjs/loader:1233:14)
TypeError: Cannot read properties of null (reading 'property')
    at Object.<anonymous> (/Users/salimsfi/Desktop/Developpement web/ISCOD/Etude de cas/BDD/Nodejs-Approfondissement/server.js:33:17)
    at Module._compile (node:internal/modules/cjs/loader:1233:14)
    at Module._extensions..js (node:internal/modules/cjs/loader:1287:10)
    at Module.load (node:internal/modules/cjs/loader:1091:32)
    at Module._load (node:internal/modules/cjs/loader:938:12)
    at Module.require (node:internal/modules/cjs/loader:1115:19)
    at Hook._require.Module.require (/opt/homebrew/lib/node_modules/pm2/node_modules/require-in-the-middle/index.js:101:39)
    at require (node:internal/modules/helpers:130:18)
    at Object.<anonymous> (/Users/salimsfi/Desktop/Developpement web/ISCOD/Etude de cas/BDD/Nodejs-Approfondissement/www/app.js:1:20)
    at Module._compile (node:internal/modules/cjs/loader:1233:14)
TypeError: Cannot read properties of null (reading 'property')
    at Object.<anonymous> (/Users/salimsfi/Desktop/Developpement web/ISCOD/Etude de cas/BDD/Nodejs-Approfondissement/server.js:33:17)
    at Module._compile (node:internal/modules/cjs/loader:1233:14)
    at Module._extensions..js (node:internal/modules/cjs/loader:1287:10)
    at Module.load (node:internal/modules/cjs/loader:1091:32)
    at Module._load (node:internal/modules/cjs/loader:938:12)
    at Module.require (node:internal/modules/cjs/loader:1115:19)
    at Hook._require.Module.require (/opt/homebrew/lib/node_modules/pm2/node_modules/require-in-the-middle/index.js:101:39)
    at require (node:internal/modules/helpers:130:18)
    at Object.<anonymous> (/Users/salimsfi/Desktop/Developpement web/ISCOD/Etude de cas/BDD/Nodejs-Approfondissement/www/app.js:1:20)
    at Module._compile (node:internal/modules/cjs/loader:1233:14)
TypeError: Cannot read properties of null (reading 'property')
    at Object.<anonymous> (/Users/salimsfi/Desktop/Developpement web/ISCOD/Etude de cas/BDD/Nodejs-Approfondissement/server.js:33:17)
    at Module._compile (node:internal/modules/cjs/loader:1233:14)
    at Module._extensions..js (node:internal/modules/cjs/loader:1287:10)
    at Module.load (node:internal/modules/cjs/loader:1091:32)
    at Module._load (node:internal/modules/cjs/loader:938:12)
    at Module.require (node:internal/modules/cjs/loader:1115:19)
    at Hook._require.Module.require (/opt/homebrew/lib/node_modules/pm2/node_modules/require-in-the-middle/index.js:101:39)
    at require (node:internal/modules/helpers:130:18)
    at Object.<anonymous> (/Users/salimsfi/Desktop/Developpement web/ISCOD/Etude de cas/BDD/Nodejs-Approfondissement/www/app.js:1:20)
    at Module._compile (node:internal/modules/cjs/loader:1233:14)
TypeError: Cannot read properties of null (reading 'property')
    at Object.<anonymous> (/Users/salimsfi/Desktop/Developpement web/ISCOD/Etude de cas/BDD/Nodejs-Approfondissement/server.js:33:17)
    at Module._compile (node:internal/modules/cjs/loader:1233:14)
    at Module._extensions..js (node:internal/modules/cjs/loader:1287:10)
    at Module.load (node:internal/modules/cjs/loader:1091:32)
    at Module._load (node:internal/modules/cjs/loader:938:12)
    at Module.require (node:internal/modules/cjs/loader:1115:19)
    at Hook._require.Module.require (/opt/homebrew/lib/node_modules/pm2/node_modules/require-in-the-middle/index.js:101:39)
    at require (node:internal/modules/helpers:130:18)
    at Object.<anonymous> (/Users/salimsfi/Desktop/Developpement web/ISCOD/Etude de cas/BDD/Nodejs-Approfondissement/www/app.js:1:20)
    at Module._compile (node:internal/modules/cjs/loader:1233:14)
TypeError: Cannot read properties of null (reading 'property')
    at Object.<anonymous> (/Users/salimsfi/Desktop/Developpement web/ISCOD/Etude de cas/BDD/Nodejs-Approfondissement/server.js:33:17)
    at Module._compile (node:internal/modules/cjs/loader:1233:14)
    at Module._extensions..js (node:internal/modules/cjs/loader:1287:10)
    at Module.load (node:internal/modules/cjs/loader:1091:32)
    at Module._load (node:internal/modules/cjs/loader:938:12)
    at Module.require (node:internal/modules/cjs/loader:1115:19)
    at Hook._require.Module.require (/opt/homebrew/lib/node_modules/pm2/node_modules/require-in-the-middle/index.js:101:39)
    at require (node:internal/modules/helpers:130:18)
    at Object.<anonymous> (/Users/salimsfi/Desktop/Developpement web/ISCOD/Etude de cas/BDD/Nodejs-Approfondissement/www/app.js:1:20)
    at Module._compile (node:internal/modules/cjs/loader:1233:14)
TypeError: Cannot read properties of null (reading 'property')
    at Object.<anonymous> (/Users/salimsfi/Desktop/Developpement web/ISCOD/Etude de cas/BDD/Nodejs-Approfondissement/server.js:33:17)
    at Module._compile (node:internal/modules/cjs/loader:1233:14)
    at Module._extensions..js (node:internal/modules/cjs/loader:1287:10)
    at Module.load (node:internal/modules/cjs/loader:1091:32)
    at Module._load (node:internal/modules/cjs/loader:938:12)
    at Module.require (node:internal/modules/cjs/loader:1115:19)
    at Hook._require.Module.require (/opt/homebrew/lib/node_modules/pm2/node_modules/require-in-the-middle/index.js:101:39)
    at require (node:internal/modules/helpers:130:18)
    at Object.<anonymous> (/Users/salimsfi/Desktop/Developpement web/ISCOD/Etude de cas/BDD/Nodejs-Approfondissement/www/app.js:1:20)
    at Module._compile (node:internal/modules/cjs/loader:1233:14)
TypeError: Cannot read properties of null (reading 'property')
    at Object.<anonymous> (/Users/salimsfi/Desktop/Developpement web/ISCOD/Etude de cas/BDD/Nodejs-Approfondissement/server.js:33:17)
    at Module._compile (node:internal/modules/cjs/loader:1233:14)
    at Module._extensions..js (node:internal/modules/cjs/loader:1287:10)
    at Module.load (node:internal/modules/cjs/loader:1091:32)
    at Module._load (node:internal/modules/cjs/loader:938:12)
    at Module.require (node:internal/modules/cjs/loader:1115:19)
    at Hook._require.Module.require (/opt/homebrew/lib/node_modules/pm2/node_modules/require-in-the-middle/index.js:101:39)
    at require (node:internal/modules/helpers:130:18)
    at Object.<anonymous> (/Users/salimsfi/Desktop/Developpement web/ISCOD/Etude de cas/BDD/Nodejs-Approfondissement/www/app.js:1:20)
    at Module._compile (node:internal/modules/cjs/loader:1233:14)
TypeError: Cannot read properties of null (reading 'property')
    at Object.<anonymous> (/Users/salimsfi/Desktop/Developpement web/ISCOD/Etude de cas/BDD/Nodejs-Approfondissement/server.js:33:17)
    at Module._compile (node:internal/modules/cjs/loader:1233:14)
    at Module._extensions..js (node:internal/modules/cjs/loader:1287:10)
    at Module.load (node:internal/modules/cjs/loader:1091:32)
    at Module._load (node:internal/modules/cjs/loader:938:12)
    at Module.require (node:internal/modules/cjs/loader:1115:19)
    at Hook._require.Module.require (/opt/homebrew/lib/node_modules/pm2/node_modules/require-in-the-middle/index.js:101:39)
    at require (node:internal/modules/helpers:130:18)
    at Object.<anonymous> (/Users/salimsfi/Desktop/Developpement web/ISCOD/Etude de cas/BDD/Nodejs-Approfondissement/www/app.js:1:20)
    at Module._compile (node:internal/modules/cjs/loader:1233:14)
(node:6746) [MONGOOSE] DeprecationWarning: Mongoose: the `strictQuery` option will be switched back to `false` by default in Mongoose 7. Use `mongoose.set('strictQuery', false);` if you want to prepare for this change. Or use `mongoose.set('strictQuery', true);` to suppress this warning.
(Use `node --trace-deprecation ...` to show where the warning was created)
(node:6906) [MONGOOSE] DeprecationWarning: Mongoose: the `strictQuery` option will be switched back to `false` by default in Mongoose 7. Use `mongoose.set('strictQuery', false);` if you want to prepare for this change. Or use `mongoose.set('strictQuery', true);` to suppress this warning.
(Use `node --trace-deprecation ...` to show where the warning was created)
